# JRE version: OpenJDK Runtime Environment Temurin-17+35 (17.0+35) (build 17+35)
# Java VM: OpenJDK 64-Bit Server VM Temurin-17+35 (17+35, mixed mode, tiered, compressed oops, compressed class ptrs, g1 gc, windows-amd64)
GC Precious Log:
 CPUs: 8 total, 8 available
 Memory: 8078M
 Large Page Support: Disabled
 NUMA Support: Disabled
 Compressed Oops: Enabled (32-bit)
 Heap Region Size: 1M
 Heap Min Capacity: 8M
 Heap Initial Capacity: 128M
 Heap Max Capacity: 2020M
 Pre-touch: Disabled
 Parallel Workers: 8
 Concurrent Workers: 2
 Concurrent Refinement Workers: 8
 Periodic GC: Disabled
Heap:
 garbage-first heap   total 61440K, used 24126K [0x0000000081c00000, 0x0000000100000000)
  region size 1024K, 5 young (5120K), 2 survivors (2048K)
 Metaspace       used 54822K, committed 55296K, reserved 1097728K
  class space    used 6596K, committed 6848K, reserved 1048576K
GC Heap History (20 events):
Event: 393.563 GC heap before
{Heap before GC invocations=27 (full 4):
 garbage-first heap   total 61440K, used 43523K [0x0000000081c00000, 0x0000000100000000)
  region size 1024K, 26 young (26624K), 1 survivors (1024K)
 Metaspace       used 54273K, committed 54720K, reserved 1097728K
  class space    used 6553K, committed 6784K, reserved 1048576K
}
Event: 393.587 GC heap after
{Heap after GC invocations=28 (full 5):
 garbage-first heap   total 61440K, used 17862K [0x0000000081c00000, 0x0000000100000000)
  region size 1024K, 0 young (0K), 0 survivors (0K)
 Metaspace       used 54270K, committed 54720K, reserved 1097728K
  class space    used 6553K, committed 6784K, reserved 1048576K
}
Event: 393.856 GC heap before
{Heap before GC invocations=28 (full 5):
 garbage-first heap   total 61440K, used 49606K [0x0000000081c00000, 0x0000000100000000)
  region size 1024K, 32 young (32768K), 0 survivors (0K)
 Metaspace       used 54357K, committed 54784K, reserved 1097728K
  class space    used 6562K, committed 6784K, reserved 1048576K
}
Event: 393.859 GC heap after
{Heap after GC invocations=29 (full 5):
 garbage-first heap   total 61440K, used 19996K [0x0000000081c00000, 0x0000000100000000)
  region size 1024K, 3 young (3072K), 3 survivors (3072K)
 Metaspace       used 54357K, committed 54784K, reserved 1097728K
  class space    used 6562K, committed 6784K, reserved 1048576K
}
Event: 393.866 GC heap before
{Heap before GC invocations=29 (full 5):
 garbage-first heap   total 61440K, used 48668K [0x0000000081c00000, 0x0000000100000000)
  region size 1024K, 32 young (32768K), 3 survivors (3072K)
 Metaspace       used 54357K, committed 54784K, reserved 1097728K
  class space    used 6562K, committed 6784K, reserved 1048576K
}
Event: 393.868 GC heap after
{Heap after GC invocations=30 (full 5):
 garbage-first heap   total 61440K, used 20156K [0x0000000081c00000, 0x0000000100000000)
  region size 1024K, 1 young (1024K), 1 survivors (1024K)
 Metaspace       used 54357K, committed 54784K, reserved 1097728K
  class space    used 6562K, committed 6784K, reserved 1048576K
}
Event: 412.901 GC heap before
{Heap before GC invocations=30 (full 5):
 garbage-first heap   total 61440K, used 42684K [0x0000000081c00000, 0x0000000100000000)
  region size 1024K, 24 young (24576K), 1 survivors (1024K)
 Metaspace       used 54440K, committed 54912K, reserved 1097728K
  class space    used 6567K, committed 6784K, reserved 1048576K
}
Event: 412.935 GC heap after
{Heap after GC invocations=31 (full 6):
 garbage-first heap   total 61440K, used 17947K [0x0000000081c00000, 0x0000000100000000)
  region size 1024K, 0 young (0K), 0 survivors (0K)
 Metaspace       used 54437K, committed 54912K, reserved 1097728K
  class space    used 6566K, committed 6784K, reserved 1048576K
}
Event: 413.292 GC heap before
{Heap before GC invocations=31 (full 6):
 garbage-first heap   total 61440K, used 48667K [0x0000000081c00000, 0x0000000100000000)
  region size 1024K, 31 young (31744K), 0 survivors (0K)
 Metaspace       used 54492K, committed 54912K, reserved 1097728K
  class space    used 6568K, committed 6784K, reserved 1048576K
}
Event: 413.295 GC heap after
{Heap after GC invocations=32 (full 6):
 garbage-first heap   total 61440K, used 20065K [0x0000000081c00000, 0x0000000100000000)
  region size 1024K, 3 young (3072K), 3 survivors (3072K)
 Metaspace       used 54492K, committed 54912K, reserved 1097728K
  class space    used 6568K, committed 6784K, reserved 1048576K
}
Event: 413.301 GC heap before
{Heap before GC invocations=32 (full 6):
 garbage-first heap   total 61440K, used 47713K [0x0000000081c00000, 0x0000000100000000)
  region size 1024K, 31 young (31744K), 3 survivors (3072K)
 Metaspace       used 54492K, committed 54912K, reserved 1097728K
  class space    used 6568K, committed 6784K, reserved 1048576K
}
Event: 413.302 GC heap after
{Heap after GC invocations=33 (full 6):
 garbage-first heap   total 61440K, used 20157K [0x0000000081c00000, 0x0000000100000000)
  region size 1024K, 1 young (1024K), 1 survivors (1024K)
 Metaspace       used 54492K, committed 54912K, reserved 1097728K
  class space    used 6568K, committed 6784K, reserved 1048576K
}
Event: 423.243 GC heap before
{Heap before GC invocations=33 (full 6):
 garbage-first heap   total 61440K, used 44733K [0x0000000081c00000, 0x0000000100000000)
  region size 1024K, 26 young (26624K), 1 survivors (1024K)
 Metaspace       used 54584K, committed 54976K, reserved 1097728K
  class space    used 6570K, committed 6784K, reserved 1048576K
}
Event: 423.279 GC heap after
{Heap after GC invocations=34 (full 7):
 garbage-first heap   total 61440K, used 18009K [0x0000000081c00000, 0x0000000100000000)
  region size 1024K, 0 young (0K), 0 survivors (0K)
 Metaspace       used 54581K, committed 54976K, reserved 1097728K
  class space    used 6570K, committed 6784K, reserved 1048576K
}
Event: 423.585 GC heap before
{Heap before GC invocations=34 (full 7):
 garbage-first heap   total 61440K, used 47705K [0x0000000081c00000, 0x0000000100000000)
  region size 1024K, 30 young (30720K), 0 survivors (0K)
 Metaspace       used 54687K, committed 55232K, reserved 1097728K
  class space    used 6585K, committed 6848K, reserved 1048576K
}
Event: 423.587 GC heap after
{Heap after GC invocations=35 (full 7):
 garbage-first heap   total 61440K, used 20153K [0x0000000081c00000, 0x0000000100000000)
  region size 1024K, 3 young (3072K), 3 survivors (3072K)
 Metaspace       used 54687K, committed 55232K, reserved 1097728K
  class space    used 6585K, committed 6848K, reserved 1048576K
}
Event: 423.594 GC heap before
{Heap before GC invocations=35 (full 7):
 garbage-first heap   total 61440K, used 46777K [0x0000000081c00000, 0x0000000100000000)
  region size 1024K, 30 young (30720K), 3 survivors (3072K)
 Metaspace       used 54687K, committed 55232K, reserved 1097728K
  class space    used 6585K, committed 6848K, reserved 1048576K
}
Event: 423.596 GC heap after
{Heap after GC invocations=36 (full 7):
 garbage-first heap   total 61440K, used 20364K [0x0000000081c00000, 0x0000000100000000)
  region size 1024K, 1 young (1024K), 1 survivors (1024K)
 Metaspace       used 54687K, committed 55232K, reserved 1097728K
  class space    used 6585K, committed 6848K, reserved 1048576K
}
Event: 530.088 GC heap before
{Heap before GC invocations=36 (full 7):
 garbage-first heap   total 61440K, used 48012K [0x0000000081c00000, 0x0000000100000000)
  region size 1024K, 28 young (28672K), 1 survivors (1024K)
 Metaspace       used 54768K, committed 55296K, reserved 1097728K
  class space    used 6588K, committed 6848K, reserved 1048576K
}
Event: 530.095 GC heap after
{Heap after GC invocations=37 (full 7):
 garbage-first heap   total 61440K, used 22078K [0x0000000081c00000, 0x0000000100000000)
  region size 1024K, 2 young (2048K), 2 survivors (2048K)
 Metaspace       used 54768K, committed 55296K, reserved 1097728K
  class space    used 6588K, committed 6848K, reserved 1048576K
}

